<?xml version="1.0" encoding="UTF-8"?>
<testng-results ignored="0" total="1" passed="0" failed="1" skipped="0">
  <reporter-output>
  </reporter-output>
  <suite started-at="2025-02-20T12:20:08 IST" name="Default suite" finished-at="2025-02-20T12:21:02 IST" duration-ms="53886">
    <groups>
      <group name="cucumber">
        <method signature="AbstractTestNGCucumberTests.runScenario(io.cucumber.testng.PickleWrapper,io.cucumber.testng.FeatureWrapper)[pri:0, instance:com.testserv.testRunner.Smoke.APIEnvironmentRunner@7bd7d6d6]" name="runScenario" class="io.cucumber.testng.AbstractTestNGCucumberTests"/>
      </group> <!-- cucumber -->
    </groups>
    <test started-at="2025-02-20T12:20:08 IST" name="Default test" finished-at="2025-02-20T12:21:02 IST" duration-ms="53886">
      <class name="com.testserv.testRunner.Smoke.APIEnvironmentRunner">
        <test-method is-config="true" signature="beforeSuite(org.testng.ITestContext,java.lang.String,java.lang.String,java.lang.String,java.lang.String)[pri:0, instance:com.testserv.testRunner.Smoke.APIEnvironmentRunner@7bd7d6d6]" started-at="2025-02-20T12:20:07 IST" name="beforeSuite" finished-at="2025-02-20T12:20:08 IST" duration-ms="1056" status="PASS">
          <params>
            <param index="0">
              <value>
                <![CDATA[org.testng.TestRunner@bb6869a]]>
              </value>
            </param>
            <param index="1">
              <value is-null="true"/>
            </param>
            <param index="2">
              <value is-null="true"/>
            </param>
            <param index="3">
              <value is-null="true"/>
            </param>
            <param index="4">
              <value is-null="true"/>
            </param>
          </params>
          <reporter-output>
          </reporter-output>
        </test-method> <!-- beforeSuite -->
        <test-method is-config="true" signature="setUpClass()[pri:0, instance:com.testserv.testRunner.Smoke.APIEnvironmentRunner@7bd7d6d6]" started-at="2025-02-20T12:20:09 IST" name="setUpClass" finished-at="2025-02-20T12:20:09 IST" duration-ms="408" status="PASS">
          <reporter-output>
          </reporter-output>
        </test-method> <!-- setUpClass -->
        <test-method signature="runScenario(io.cucumber.testng.PickleWrapper,io.cucumber.testng.FeatureWrapper)[pri:0, instance:com.testserv.testRunner.Smoke.APIEnvironmentRunner@7bd7d6d6]" started-at="2025-02-20T12:20:09 IST" name="runScenario" description="Runs Cucumber Scenarios" data-provider="scenarios" finished-at="2025-02-20T12:21:02 IST" duration-ms="53330" status="FAIL">
          <params>
            <param index="0">
              <value>
                <![CDATA["Launch and Login"]]>
              </value>
            </param>
            <param index="1">
              <value>
                <![CDATA["API Environment"]]>
              </value>
            </param>
          </params>
          <exception class="org.openqa.selenium.JavascriptException">
            <message>
              <![CDATA[javascript error: Cannot set properties of null (setting 'value')
  (Session info: chrome=133.0.6943.54)
Build info: version: '4.15.0', revision: '1d14b5521b'
System info: os.name: 'Windows 11', os.arch: 'amd64', os.version: '10.0', java.version: '11.0.22'
Driver info: org.openqa.selenium.chrome.ChromeDriver
Command: [7262570647ee72216bd277dffa1216f2, executeScript {script=document.querySelector("input[name='email']").value='ab3456@ifocussystec.in';, args=[]}]
Capabilities {acceptInsecureCerts: false, browserName: chrome, browserVersion: 133.0.6943.54, chrome: {chromedriverVersion: 133.0.6943.126 (cffa127ce7b..., userDataDir: C:\Users\iFocus\AppData\Loc...}, fedcm:accounts: true, goog:chromeOptions: {debuggerAddress: localhost:59692}, networkConnectionEnabled: false, pageLoadStrategy: normal, platformName: windows, proxy: Proxy(), se:cdp: ws://localhost:59692/devtoo..., se:cdpVersion: 133.0.6943.54, setWindowRect: true, strictFileInteractability: false, timeouts: {implicit: 0, pageLoad: 300000, script: 30000}, unhandledPromptBehavior: dismiss and notify, webauthn:extension:credBlob: true, webauthn:extension:largeBlob: true, webauthn:extension:minPinLength: true, webauthn:extension:prf: true, webauthn:virtualAuthenticators: true}
Session ID: 7262570647ee72216bd277dffa1216f2]]>
            </message>
            <full-stacktrace>
              <![CDATA[org.openqa.selenium.JavascriptException: javascript error: Cannot set properties of null (setting 'value')
  (Session info: chrome=133.0.6943.54)
Build info: version: '4.15.0', revision: '1d14b5521b'
System info: os.name: 'Windows 11', os.arch: 'amd64', os.version: '10.0', java.version: '11.0.22'
Driver info: org.openqa.selenium.chrome.ChromeDriver
Command: [7262570647ee72216bd277dffa1216f2, executeScript {script=document.querySelector("input[name='email']").value='ab3456@ifocussystec.in';, args=[]}]
Capabilities {acceptInsecureCerts: false, browserName: chrome, browserVersion: 133.0.6943.54, chrome: {chromedriverVersion: 133.0.6943.126 (cffa127ce7b..., userDataDir: C:\Users\iFocus\AppData\Loc...}, fedcm:accounts: true, goog:chromeOptions: {debuggerAddress: localhost:59692}, networkConnectionEnabled: false, pageLoadStrategy: normal, platformName: windows, proxy: Proxy(), se:cdp: ws://localhost:59692/devtoo..., se:cdpVersion: 133.0.6943.54, setWindowRect: true, strictFileInteractability: false, timeouts: {implicit: 0, pageLoad: 300000, script: 30000}, unhandledPromptBehavior: dismiss and notify, webauthn:extension:credBlob: true, webauthn:extension:largeBlob: true, webauthn:extension:minPinLength: true, webauthn:extension:prf: true, webauthn:virtualAuthenticators: true}
Session ID: 7262570647ee72216bd277dffa1216f2
at java.base/jdk.internal.reflect.NativeConstructorAccessorImpl.newInstance0(Native Method)
at java.base/jdk.internal.reflect.NativeConstructorAccessorImpl.newInstance(NativeConstructorAccessorImpl.java:62)
at java.base/jdk.internal.reflect.DelegatingConstructorAccessorImpl.newInstance(DelegatingConstructorAccessorImpl.java:45)
at java.base/java.lang.reflect.Constructor.newInstance(Constructor.java:490)
at org.openqa.selenium.remote.codec.w3c.W3CHttpResponseCodec.createException(W3CHttpResponseCodec.java:200)
at org.openqa.selenium.remote.codec.w3c.W3CHttpResponseCodec.decode(W3CHttpResponseCodec.java:133)
at org.openqa.selenium.remote.codec.w3c.W3CHttpResponseCodec.decode(W3CHttpResponseCodec.java:52)
at org.openqa.selenium.remote.HttpCommandExecutor.execute(HttpCommandExecutor.java:191)
at org.openqa.selenium.remote.service.DriverCommandExecutor.invokeExecute(DriverCommandExecutor.java:200)
at org.openqa.selenium.remote.service.DriverCommandExecutor.execute(DriverCommandExecutor.java:175)
at org.openqa.selenium.remote.RemoteWebDriver.execute(RemoteWebDriver.java:607)
at org.openqa.selenium.remote.RemoteWebDriver.executeScript(RemoteWebDriver.java:472)
at com.testserv.smoke.stepDefination.APIEnvironmentStepDefination.click_on_ellipse_the_option_is_displayed_and_click_genarte_button(APIEnvironmentStepDefination.java:352)
at ✽.Click on ellipse the option is displayed and click genarte button(file:///C:/Users/iFocus/eclipse-workspace/Testserv_automation/src/test/resources/Smokefeaturefile/APItesting.feature:13)
]]>
            </full-stacktrace>
          </exception> <!-- org.openqa.selenium.JavascriptException -->
          <reporter-output>
          </reporter-output>
        </test-method> <!-- runScenario -->
        <test-method is-config="true" signature="tearDownClass()[pri:0, instance:com.testserv.testRunner.Smoke.APIEnvironmentRunner@7bd7d6d6]" started-at="2025-02-20T12:21:02 IST" name="tearDownClass" finished-at="2025-02-20T12:21:02 IST" duration-ms="93" status="PASS">
          <reporter-output>
          </reporter-output>
        </test-method> <!-- tearDownClass -->
        <test-method is-config="true" signature="afterSetUp()[pri:0, instance:com.testserv.testRunner.Smoke.APIEnvironmentRunner@7bd7d6d6]" started-at="2025-02-20T12:21:02 IST" name="afterSetUp" finished-at="2025-02-20T12:21:02 IST" duration-ms="14" status="PASS">
          <reporter-output>
          </reporter-output>
        </test-method> <!-- afterSetUp -->
      </class> <!-- com.testserv.testRunner.Smoke.APIEnvironmentRunner -->
    </test> <!-- Default test -->
  </suite> <!-- Default suite -->
</testng-results>
