<?xml version="1.0" encoding="UTF-8"?>
<!-- Generated by org.testng.reporters.JUnitReportReporter -->
<testsuite hostname="IFOCUS-LT85" failures="0" tests="1" name="com.testserver.testRunner.Sanity.LoginPracticeRunnerclass" time="0.170" errors="1" timestamp="2025-01-28T10:37:21 IST" skipped="0">
  <testcase classname="com.testserver.testRunner.Sanity.LoginPracticeRunnerclass" name="runScenario" time="0.170">
    <error type="java.lang.NullPointerException">
      <![CDATA[java.lang.NullPointerException
at com.testserve.utils.ReportUtils.createNode(ReportUtils.java:113)
at com.testserve.sanity.stepDefination.LoginStepClass.user_launches_the_application(LoginStepClass.java:42)
at ✽.User launches the application(file:///C:/Users/iFocus/eclipse-workspace/Testserve-Automation/src/features/java/loginpractice.feature:5)
]]>
    </error>
  </testcase> <!-- runScenario -->
  <system-out/>
</testsuite> <!-- com.testserver.testRunner.Sanity.LoginPracticeRunnerclass -->
